2021-09-17 16:34:35,273 [Worker-2: Loading available Gradle versions] INFO  o.e.b.c.i.u.g.PublishedGradleVersions - Gradle version information cache is up-to-date. Trying to read.
2021-09-17 16:39:19,983 [Worker-13: Updating Maven Dependencies] INFO  o.e.m.c.i.l.LifecycleMappingFactory - Using org.eclipse.m2e.jdt.JarLifecycleMapping lifecycle mapping for MavenProject: com.cap.demo:sampleapp:0.0.1-SNAPSHOT @ C:\Users\KPRANATI\localrepo\sampleapp\new joinee\sampleapprepo\sampleapp\pom.xml.
2021-09-17 16:39:19,983 [Worker-6: Building] INFO  o.e.m.c.i.l.LifecycleMappingFactory - Using org.eclipse.m2e.jdt.JarLifecycleMapping lifecycle mapping for MavenProject: com.cap.demo:sampleapp:0.0.1-SNAPSHOT @ C:\Users\KPRANATI\localrepo\sampleapp\new joinee\sampleapprepo\sampleapp\pom.xml.
2021-09-17 16:39:20,624 [Worker-6: Building] WARN  o.e.m.c.i.embedder.EclipseLogger - Using platform encoding (Cp1252 actually) to copy filtered resources, i.e. build is platform dependent!
2021-09-17 16:39:20,626 [Worker-6: Building] INFO  o.e.m.c.i.embedder.EclipseLogger - skip non existing resourceDirectory C:\Users\KPRANATI\localrepo\sampleapp\new joinee\sampleapprepo\sampleapp\src\main\resources
2021-09-17 16:39:20,628 [Worker-6: Building] WARN  o.e.m.c.i.embedder.EclipseLogger - Using platform encoding (Cp1252 actually) to copy filtered resources, i.e. build is platform dependent!
2021-09-17 16:39:20,630 [Worker-6: Building] INFO  o.e.m.c.i.embedder.EclipseLogger - skip non existing resourceDirectory C:\Users\KPRANATI\localrepo\sampleapp\new joinee\sampleapprepo\sampleapp\src\test\resources
2021-09-17 16:39:22,401 [Worker-13: Updating Maven Dependencies] INFO  o.e.m.c.i.l.LifecycleMappingFactory - Using org.eclipse.m2e.jdt.JarLifecycleMapping lifecycle mapping for MavenProject: com.cap.demo:sampleapp:0.0.1-SNAPSHOT @ C:\Users\KPRANATI\localrepo\sampleapp\new joinee\sampleapprepo\sampleapp\pom.xml.
2021-09-17 16:39:23,216 [Worker-18: Building] WARN  o.e.m.c.i.embedder.EclipseLogger - Using platform encoding (Cp1252 actually) to copy filtered resources, i.e. build is platform dependent!
2021-09-17 16:39:23,218 [Worker-18: Building] INFO  o.e.m.c.i.embedder.EclipseLogger - skip non existing resourceDirectory C:\Users\KPRANATI\localrepo\sampleapp\new joinee\sampleapprepo\sampleapp\src\main\resources
2021-09-17 16:39:23,221 [Worker-18: Building] WARN  o.e.m.c.i.embedder.EclipseLogger - Using platform encoding (Cp1252 actually) to copy filtered resources, i.e. build is platform dependent!
2021-09-17 16:39:23,223 [Worker-18: Building] INFO  o.e.m.c.i.embedder.EclipseLogger - skip non existing resourceDirectory C:\Users\KPRANATI\localrepo\sampleapp\new joinee\sampleapprepo\sampleapp\src\test\resources
2021-09-17 16:42:07,018 [Worker-0: Updating Maven Project] INFO  o.e.m.c.i.p.ProjectConfigurationManager - Update started
2021-09-17 16:42:07,426 [Worker-0: Updating Maven Project] INFO  o.e.m.c.i.l.LifecycleMappingFactory - Using org.eclipse.m2e.jdt.JarLifecycleMapping lifecycle mapping for MavenProject: com.cap.demo:sampleapp:0.0.1-SNAPSHOT @ C:\Users\KPRANATI\localrepo\sampleapp\new joinee\sampleapprepo\sampleapp\pom.xml.
2021-09-17 16:42:07,613 [Worker-0: Updating Maven Project] INFO  o.e.m.j.i.AbstractJavaProjectConfigurator - Adding source folder /sampleapp/src/main/java
2021-09-17 16:42:07,615 [Worker-0: Updating Maven Project] INFO  o.e.m.j.i.AbstractJavaProjectConfigurator - Adding source folder /sampleapp/src/test/java
2021-09-17 16:42:07,829 [Worker-0: Updating Maven Project] INFO  o.e.m.c.i.p.ProjectConfigurationManager - Update completed: 0 sec
2021-09-17 16:42:08,154 [Worker-14: Building] WARN  o.e.m.c.i.embedder.EclipseLogger - Using platform encoding (Cp1252 actually) to copy filtered resources, i.e. build is platform dependent!
2021-09-17 16:42:08,156 [Worker-14: Building] INFO  o.e.m.c.i.embedder.EclipseLogger - skip non existing resourceDirectory C:\Users\KPRANATI\localrepo\sampleapp\new joinee\sampleapprepo\sampleapp\src\main\resources
2021-09-17 16:42:08,158 [Worker-14: Building] WARN  o.e.m.c.i.embedder.EclipseLogger - Using platform encoding (Cp1252 actually) to copy filtered resources, i.e. build is platform dependent!
2021-09-17 16:42:08,160 [Worker-14: Building] INFO  o.e.m.c.i.embedder.EclipseLogger - skip non existing resourceDirectory C:\Users\KPRANATI\localrepo\sampleapp\new joinee\sampleapprepo\sampleapp\src\test\resources
2021-09-17 16:44:48,516 [Worker-19: Building] WARN  o.e.m.c.i.embedder.EclipseLogger - Using platform encoding (Cp1252 actually) to copy filtered resources, i.e. build is platform dependent!
2021-09-17 16:44:48,518 [Worker-19: Building] INFO  o.e.m.c.i.embedder.EclipseLogger - skip non existing resourceDirectory C:\Users\KPRANATI\localrepo\sampleapp\new joinee\sampleapprepo\sampleapp\src\main\resources
2021-09-17 16:44:48,520 [Worker-19: Building] WARN  o.e.m.c.i.embedder.EclipseLogger - Using platform encoding (Cp1252 actually) to copy filtered resources, i.e. build is platform dependent!
2021-09-17 16:44:48,522 [Worker-19: Building] INFO  o.e.m.c.i.embedder.EclipseLogger - skip non existing resourceDirectory C:\Users\KPRANATI\localrepo\sampleapp\new joinee\sampleapprepo\sampleapp\src\test\resources
2021-09-17 16:47:25,032 [Worker-24: Building] WARN  o.e.m.c.i.embedder.EclipseLogger - Using platform encoding (Cp1252 actually) to copy filtered resources, i.e. build is platform dependent!
2021-09-17 16:47:25,034 [Worker-24: Building] INFO  o.e.m.c.i.embedder.EclipseLogger - skip non existing resourceDirectory C:\Users\KPRANATI\localrepo\sampleapp\new joinee\sampleapprepo\sampleapp\src\main\resources
2021-09-17 16:47:25,035 [Worker-24: Building] WARN  o.e.m.c.i.embedder.EclipseLogger - Using platform encoding (Cp1252 actually) to copy filtered resources, i.e. build is platform dependent!
2021-09-17 16:47:25,036 [Worker-24: Building] INFO  o.e.m.c.i.embedder.EclipseLogger - skip non existing resourceDirectory C:\Users\KPRANATI\localrepo\sampleapp\new joinee\sampleapprepo\sampleapp\src\test\resources
2021-09-20 09:59:51,199 [Worker-3: Loading available Gradle versions] INFO  o.e.b.c.i.u.g.PublishedGradleVersions - Gradle version information cache is out-of-date. Trying to update.
2021-09-20 10:21:43,612 [Worker-0: Loading available Gradle versions] INFO  o.e.b.c.i.u.g.PublishedGradleVersions - Gradle version information cache is up-to-date. Trying to read.
2021-09-20 10:25:02,444 [Worker-7: Building] WARN  o.e.m.c.i.embedder.EclipseLogger - Using platform encoding (Cp1252 actually) to copy filtered resources, i.e. build is platform dependent!
2021-09-20 10:25:02,446 [Worker-7: Building] INFO  o.e.m.c.i.embedder.EclipseLogger - skip non existing resourceDirectory C:\Users\KPRANATI\localrepo\sampleapp\new joinee\sampleapprepo\sampleapp\src\main\resources
2021-09-20 10:25:02,447 [Worker-7: Building] WARN  o.e.m.c.i.embedder.EclipseLogger - Using platform encoding (Cp1252 actually) to copy filtered resources, i.e. build is platform dependent!
2021-09-20 10:25:02,449 [Worker-7: Building] INFO  o.e.m.c.i.embedder.EclipseLogger - skip non existing resourceDirectory C:\Users\KPRANATI\localrepo\sampleapp\new joinee\sampleapprepo\sampleapp\src\test\resources
2021-09-20 10:26:42,046 [Worker-1: Building] WARN  o.e.m.c.i.embedder.EclipseLogger - Using platform encoding (Cp1252 actually) to copy filtered resources, i.e. build is platform dependent!
2021-09-20 10:26:42,050 [Worker-1: Building] INFO  o.e.m.c.i.embedder.EclipseLogger - skip non existing resourceDirectory C:\Users\KPRANATI\localrepo\sampleapp\new joinee\sampleapprepo\sampleapp\src\main\resources
2021-09-20 10:26:42,055 [Worker-1: Building] WARN  o.e.m.c.i.embedder.EclipseLogger - Using platform encoding (Cp1252 actually) to copy filtered resources, i.e. build is platform dependent!
2021-09-20 10:26:42,062 [Worker-1: Building] INFO  o.e.m.c.i.embedder.EclipseLogger - skip non existing resourceDirectory C:\Users\KPRANATI\localrepo\sampleapp\new joinee\sampleapprepo\sampleapp\src\test\resources
2021-09-20 10:27:19,653 [Worker-1: Building] WARN  o.e.m.c.i.embedder.EclipseLogger - Using platform encoding (Cp1252 actually) to copy filtered resources, i.e. build is platform dependent!
2021-09-20 10:27:19,655 [Worker-1: Building] INFO  o.e.m.c.i.embedder.EclipseLogger - skip non existing resourceDirectory C:\Users\KPRANATI\localrepo\sampleapp\new joinee\sampleapprepo\sampleapp\src\main\resources
2021-09-20 10:27:19,657 [Worker-1: Building] WARN  o.e.m.c.i.embedder.EclipseLogger - Using platform encoding (Cp1252 actually) to copy filtered resources, i.e. build is platform dependent!
2021-09-20 10:27:19,658 [Worker-1: Building] INFO  o.e.m.c.i.embedder.EclipseLogger - skip non existing resourceDirectory C:\Users\KPRANATI\localrepo\sampleapp\new joinee\sampleapprepo\sampleapp\src\test\resources
2021-09-20 10:28:10,184 [Worker-3: Building] WARN  o.e.m.c.i.embedder.EclipseLogger - Using platform encoding (Cp1252 actually) to copy filtered resources, i.e. build is platform dependent!
2021-09-20 10:28:10,187 [Worker-3: Building] INFO  o.e.m.c.i.embedder.EclipseLogger - skip non existing resourceDirectory C:\Users\KPRANATI\localrepo\sampleapp\new joinee\sampleapprepo\sampleapp\src\main\resources
2021-09-20 10:28:10,193 [Worker-3: Building] WARN  o.e.m.c.i.embedder.EclipseLogger - Using platform encoding (Cp1252 actually) to copy filtered resources, i.e. build is platform dependent!
2021-09-20 10:28:10,198 [Worker-3: Building] INFO  o.e.m.c.i.embedder.EclipseLogger - skip non existing resourceDirectory C:\Users\KPRANATI\localrepo\sampleapp\new joinee\sampleapprepo\sampleapp\src\test\resources
2021-09-20 10:28:59,754 [Worker-9: Building] WARN  o.e.m.c.i.embedder.EclipseLogger - Using platform encoding (Cp1252 actually) to copy filtered resources, i.e. build is platform dependent!
2021-09-20 10:28:59,759 [Worker-9: Building] INFO  o.e.m.c.i.embedder.EclipseLogger - skip non existing resourceDirectory C:\Users\KPRANATI\localrepo\sampleapp\new joinee\sampleapprepo\sampleapp\src\main\resources
2021-09-20 10:28:59,763 [Worker-9: Building] WARN  o.e.m.c.i.embedder.EclipseLogger - Using platform encoding (Cp1252 actually) to copy filtered resources, i.e. build is platform dependent!
2021-09-20 10:28:59,768 [Worker-9: Building] INFO  o.e.m.c.i.embedder.EclipseLogger - skip non existing resourceDirectory C:\Users\KPRANATI\localrepo\sampleapp\new joinee\sampleapprepo\sampleapp\src\test\resources
2021-09-20 10:30:18,327 [Worker-1: Building] WARN  o.e.m.c.i.embedder.EclipseLogger - Using platform encoding (Cp1252 actually) to copy filtered resources, i.e. build is platform dependent!
2021-09-20 10:30:18,332 [Worker-1: Building] INFO  o.e.m.c.i.embedder.EclipseLogger - skip non existing resourceDirectory C:\Users\KPRANATI\localrepo\sampleapp\new joinee\sampleapprepo\sampleapp\src\main\resources
2021-09-20 10:30:18,334 [Worker-1: Building] WARN  o.e.m.c.i.embedder.EclipseLogger - Using platform encoding (Cp1252 actually) to copy filtered resources, i.e. build is platform dependent!
2021-09-20 10:30:18,336 [Worker-1: Building] INFO  o.e.m.c.i.embedder.EclipseLogger - skip non existing resourceDirectory C:\Users\KPRANATI\localrepo\sampleapp\new joinee\sampleapprepo\sampleapp\src\test\resources
2021-09-20 10:31:29,910 [Worker-10: Building] WARN  o.e.m.c.i.embedder.EclipseLogger - Using platform encoding (Cp1252 actually) to copy filtered resources, i.e. build is platform dependent!
2021-09-20 10:31:29,912 [Worker-10: Building] INFO  o.e.m.c.i.embedder.EclipseLogger - skip non existing resourceDirectory C:\Users\KPRANATI\localrepo\sampleapp\new joinee\sampleapprepo\sampleapp\src\main\resources
2021-09-20 10:31:29,914 [Worker-10: Building] WARN  o.e.m.c.i.embedder.EclipseLogger - Using platform encoding (Cp1252 actually) to copy filtered resources, i.e. build is platform dependent!
2021-09-20 10:31:29,916 [Worker-10: Building] INFO  o.e.m.c.i.embedder.EclipseLogger - skip non existing resourceDirectory C:\Users\KPRANATI\localrepo\sampleapp\new joinee\sampleapprepo\sampleapp\src\test\resources
2021-09-20 10:33:11,026 [Worker-10: Building] WARN  o.e.m.c.i.embedder.EclipseLogger - Using platform encoding (Cp1252 actually) to copy filtered resources, i.e. build is platform dependent!
2021-09-20 10:33:11,031 [Worker-10: Building] INFO  o.e.m.c.i.embedder.EclipseLogger - skip non existing resourceDirectory C:\Users\KPRANATI\localrepo\sampleapp\new joinee\sampleapprepo\sampleapp\src\main\resources
2021-09-20 10:33:11,035 [Worker-10: Building] WARN  o.e.m.c.i.embedder.EclipseLogger - Using platform encoding (Cp1252 actually) to copy filtered resources, i.e. build is platform dependent!
2021-09-20 10:33:11,040 [Worker-10: Building] INFO  o.e.m.c.i.embedder.EclipseLogger - skip non existing resourceDirectory C:\Users\KPRANATI\localrepo\sampleapp\new joinee\sampleapprepo\sampleapp\src\test\resources
2021-09-20 10:33:47,264 [Worker-7: Building] WARN  o.e.m.c.i.embedder.EclipseLogger - Using platform encoding (Cp1252 actually) to copy filtered resources, i.e. build is platform dependent!
2021-09-20 10:33:47,265 [Worker-7: Building] INFO  o.e.m.c.i.embedder.EclipseLogger - skip non existing resourceDirectory C:\Users\KPRANATI\localrepo\sampleapp\new joinee\sampleapprepo\sampleapp\src\main\resources
2021-09-20 10:33:47,267 [Worker-7: Building] WARN  o.e.m.c.i.embedder.EclipseLogger - Using platform encoding (Cp1252 actually) to copy filtered resources, i.e. build is platform dependent!
2021-09-20 10:33:47,268 [Worker-7: Building] INFO  o.e.m.c.i.embedder.EclipseLogger - skip non existing resourceDirectory C:\Users\KPRANATI\localrepo\sampleapp\new joinee\sampleapprepo\sampleapp\src\test\resources
2021-09-20 10:33:59,959 [Worker-13: Building] WARN  o.e.m.c.i.embedder.EclipseLogger - Using platform encoding (Cp1252 actually) to copy filtered resources, i.e. build is platform dependent!
2021-09-20 10:33:59,961 [Worker-13: Building] INFO  o.e.m.c.i.embedder.EclipseLogger - skip non existing resourceDirectory C:\Users\KPRANATI\localrepo\sampleapp\new joinee\sampleapprepo\sampleapp\src\main\resources
2021-09-20 10:33:59,963 [Worker-13: Building] WARN  o.e.m.c.i.embedder.EclipseLogger - Using platform encoding (Cp1252 actually) to copy filtered resources, i.e. build is platform dependent!
2021-09-20 10:33:59,965 [Worker-13: Building] INFO  o.e.m.c.i.embedder.EclipseLogger - skip non existing resourceDirectory C:\Users\KPRANATI\localrepo\sampleapp\new joinee\sampleapprepo\sampleapp\src\test\resources
2021-09-20 10:34:20,088 [Worker-13: Building] WARN  o.e.m.c.i.embedder.EclipseLogger - Using platform encoding (Cp1252 actually) to copy filtered resources, i.e. build is platform dependent!
2021-09-20 10:34:20,089 [Worker-13: Building] INFO  o.e.m.c.i.embedder.EclipseLogger - skip non existing resourceDirectory C:\Users\KPRANATI\localrepo\sampleapp\new joinee\sampleapprepo\sampleapp\src\main\resources
2021-09-20 10:34:20,090 [Worker-13: Building] WARN  o.e.m.c.i.embedder.EclipseLogger - Using platform encoding (Cp1252 actually) to copy filtered resources, i.e. build is platform dependent!
2021-09-20 10:34:20,093 [Worker-13: Building] INFO  o.e.m.c.i.embedder.EclipseLogger - skip non existing resourceDirectory C:\Users\KPRANATI\localrepo\sampleapp\new joinee\sampleapprepo\sampleapp\src\test\resources
2021-09-20 10:34:54,632 [Worker-8: Building] WARN  o.e.m.c.i.embedder.EclipseLogger - Using platform encoding (Cp1252 actually) to copy filtered resources, i.e. build is platform dependent!
2021-09-20 10:34:54,635 [Worker-8: Building] INFO  o.e.m.c.i.embedder.EclipseLogger - skip non existing resourceDirectory C:\Users\KPRANATI\localrepo\sampleapp\new joinee\sampleapprepo\sampleapp\src\main\resources
2021-09-20 10:34:54,637 [Worker-8: Building] WARN  o.e.m.c.i.embedder.EclipseLogger - Using platform encoding (Cp1252 actually) to copy filtered resources, i.e. build is platform dependent!
2021-09-20 10:34:54,639 [Worker-8: Building] INFO  o.e.m.c.i.embedder.EclipseLogger - skip non existing resourceDirectory C:\Users\KPRANATI\localrepo\sampleapp\new joinee\sampleapprepo\sampleapp\src\test\resources
2021-09-20 10:36:03,538 [Worker-2: Loading available Gradle versions] INFO  o.e.b.c.i.u.g.PublishedGradleVersions - Gradle version information cache is up-to-date. Trying to read.
2021-09-20 10:57:42,805 [Worker-9: Launching BootClass] WARN  o.e.m.c.i.embedder.EclipseLogger - Using platform encoding (Cp1252 actually) to copy filtered resources, i.e. build is platform dependent!
2021-09-20 10:57:42,807 [Worker-9: Launching BootClass] INFO  o.e.m.c.i.embedder.EclipseLogger - skip non existing resourceDirectory C:\Users\KPRANATI\localrepo\sampleapp\new joinee\sampleapprepo\sampleapp\src\main\resources
2021-09-20 10:57:42,809 [Worker-9: Launching BootClass] WARN  o.e.m.c.i.embedder.EclipseLogger - Using platform encoding (Cp1252 actually) to copy filtered resources, i.e. build is platform dependent!
2021-09-20 10:57:42,810 [Worker-9: Launching BootClass] INFO  o.e.m.c.i.embedder.EclipseLogger - skip non existing resourceDirectory C:\Users\KPRANATI\localrepo\sampleapp\new joinee\sampleapprepo\sampleapp\src\test\resources
2021-09-20 11:00:41,934 [Worker-11: Building] WARN  o.e.m.c.i.embedder.EclipseLogger - Using platform encoding (Cp1252 actually) to copy filtered resources, i.e. build is platform dependent!
2021-09-20 11:00:41,939 [Worker-11: Building] INFO  o.e.m.c.i.embedder.EclipseLogger - skip non existing resourceDirectory C:\Users\KPRANATI\localrepo\sampleapp\new joinee\sampleapprepo\sampleapp\src\main\resources
2021-09-20 11:00:41,941 [Worker-11: Building] WARN  o.e.m.c.i.embedder.EclipseLogger - Using platform encoding (Cp1252 actually) to copy filtered resources, i.e. build is platform dependent!
2021-09-20 11:00:41,943 [Worker-11: Building] INFO  o.e.m.c.i.embedder.EclipseLogger - skip non existing resourceDirectory C:\Users\KPRANATI\localrepo\sampleapp\new joinee\sampleapprepo\sampleapp\src\test\resources
